<?xml version="1.0" encoding="UTF-8"?>
<testng-results ignored="0" total="2" passed="2" failed="0" skipped="0">
  <reporter-output>
  </reporter-output>
  <suite started-at="2021-12-25T00:12:19 IST" name="Suite" finished-at="2021-12-25T00:12:35 IST" duration-ms="15917">
    <groups>
    </groups>
    <test started-at="2021-12-25T00:12:19 IST" name="Test" finished-at="2021-12-25T00:12:35 IST" duration-ms="15917">
      <class name="com.testpkg.LoginPage">
        <test-method is-config="true" signature="baseClas()[pri:0, instance:com.testpkg.LoginPage@2e55dd0c]" started-at="2021-12-25T00:12:19 IST" name="baseClas" finished-at="2021-12-25T00:12:27 IST" duration-ms="7253" status="PASS">
          <reporter-output>
          </reporter-output>
        </test-method> <!-- baseClas -->
        <test-method signature="Login()[pri:0, instance:com.testpkg.LoginPage@2e55dd0c]" started-at="2021-12-25T00:12:32 IST" name="Login" finished-at="2021-12-25T00:12:34 IST" duration-ms="2251" status="PASS">
          <reporter-output>
          </reporter-output>
        </test-method> <!-- Login -->
      </class> <!-- com.testpkg.LoginPage -->
      <class name="com.testpkg.StatusClass">
        <test-method is-config="true" signature="baseClas()[pri:0, instance:com.testpkg.StatusClass@79da8dc5]" started-at="2021-12-25T00:12:27 IST" name="baseClas" finished-at="2021-12-25T00:12:32 IST" duration-ms="4921" status="PASS">
          <reporter-output>
          </reporter-output>
        </test-method> <!-- baseClas -->
        <test-method signature="Login()[pri:0, instance:com.testpkg.StatusClass@79da8dc5]" started-at="2021-12-25T00:12:34 IST" name="Login" finished-at="2021-12-25T00:12:34 IST" duration-ms="198" status="PASS">
          <reporter-output>
          </reporter-output>
        </test-method> <!-- Login -->
        <test-method is-config="true" signature="exit()[pri:0, instance:com.testpkg.StatusClass@79da8dc5]" started-at="2021-12-25T00:12:34 IST" name="exit" finished-at="2021-12-25T00:12:35 IST" duration-ms="1238" status="PASS">
          <reporter-output>
          </reporter-output>
        </test-method> <!-- exit -->
      </class> <!-- com.testpkg.StatusClass -->
    </test> <!-- Test -->
  </suite> <!-- Suite -->
</testng-results>
